<?xml version="1.0" encoding="UTF-8"?>
<!-- Generated by org.testng.reporters.JUnitReportReporter -->
<testsuite hostname="LAPTOP-J5UHSGER" failures="0" tests="1" name="fitPeo.TestFitPeoWebPage" time="15.588" errors="0" timestamp="2024-08-03T22:48:36 IST" skipped="0">
  <testcase classname="fitPeo.TestFitPeoWebPage" name="task" time="15.588"/>
  <system-out/>
</testsuite> <!-- fitPeo.TestFitPeoWebPage -->
